2025-07-23 16:40:03,584 - INFO - --- Démarrage de l'entraînement du modèle ---
2025-07-23 16:40:03,584 - INFO - Chargement des données...
2025-07-23 16:40:03,614 - INFO - Forme de X_train_raw : (4600, 16), y_train : (4600,)
2025-07-23 16:40:03,614 - INFO - Forme de X_test_raw : (4600, 16), y_test : (4600,)
2025-07-23 16:40:03,616 - INFO - Application de la transformation logarithmique à la variable cible (prix)...
2025-07-23 16:40:03,616 - INFO - Application de l'ingénierie des caractéristiques aux données d'entraînement...
2025-07-23 16:40:03,640 - INFO - Forme de X_train_fe après ingénierie (avant préprocesseur) : (4600, 23)
2025-07-23 16:40:03,640 - INFO - Caractéristiques Numériques Finales pour le Préprocesseur (10): ['bathrooms', 'days_since_ref', 'house_age', 'is_renovated', 'renovation_age', 'sqft_ratio_living_lot', 'building_total_sqft', 'sqft_living_per_bedroom', 'sqft_living_per_bathroom', 'waterfront_x_sqft_living']
2025-07-23 16:40:03,653 - INFO - Caractéristiques Catégorielles Finales pour le Préprocesseur (7): ['waterfront_cat', 'view_cat', 'condition_cat', 'floors_cat', 'bedrooms_cat', 'sale_year', 'sale_month']
2025-07-23 16:40:03,653 - INFO - Entraînement du modèle XGBoost sur la cible transformée...
2025-07-23 16:40:04,026 - INFO - Entraînement du modèle XGBoost terminé.
2025-07-23 16:40:04,028 - INFO - 
Application de l'ingénierie des caractéristiques aux données de test...
2025-07-23 16:40:04,059 - INFO - Forme de X_test_fe après ingénierie (avant préprocesseur) : (4600, 23)
2025-07-23 16:40:04,059 - INFO - 
Prédiction sur l'ensemble de test...
2025-07-23 16:40:04,088 - INFO - Inversion de la transformation logarithmique pour obtenir les prédictions réelles...
2025-07-23 16:40:04,096 - INFO - 
Évaluation du modèle sur l'ensemble de test (avec les prix réels)...
2025-07-23 16:40:04,097 - INFO - Erreur Absolue Moyenne (MAE) : 129263.19
2025-07-23 16:40:04,099 - INFO - Erreur Quadratique Moyenne (MSE) : 176937137702.79
2025-07-23 16:40:04,100 - INFO - Racine Carrée de l'Erreur Quadratique Moyenne (RMSE) : 420638.96
2025-07-23 16:40:04,100 - INFO - R-carré (R2) : 0.44
2025-07-23 16:40:04,122 - INFO - Modèle sauvegardé avec succès dans D:\Prediction_of_house_prices\src\..\models\linear_regression_model.pkl
2025-07-23 16:40:04,122 - INFO - --- Entraînement du modèle terminé ---
2025-07-23 18:24:18,289 - INFO - --- Démarrage de l'entraînement du modèle ---
2025-07-23 18:24:18,289 - INFO - Chargement des données...
2025-07-23 18:24:18,340 - INFO - Forme de X_train_raw : (4600, 16), y_train : (4600,)
2025-07-23 18:24:18,340 - INFO - Forme de X_test_raw : (4600, 16), y_test : (4600,)
2025-07-23 18:24:18,340 - INFO - Application de la transformation logarithmique à la variable cible (prix)...
2025-07-23 18:24:18,340 - INFO - Application de l'ingénierie des caractéristiques aux données d'entraînement...
2025-07-23 18:24:18,372 - INFO - Forme de X_train_fe après ingénierie (avant préprocesseur) : (4600, 23)
2025-07-23 18:24:18,372 - INFO - Caractéristiques Numériques Finales pour le Préprocesseur (10): ['bathrooms', 'days_since_ref', 'house_age', 'is_renovated', 'renovation_age', 'sqft_ratio_living_lot', 'building_total_sqft', 'sqft_living_per_bedroom', 'sqft_living_per_bathroom', 'waterfront_x_sqft_living']
2025-07-23 18:24:18,372 - INFO - Caractéristiques Catégorielles Finales pour le Préprocesseur (7): ['waterfront_cat', 'view_cat', 'condition_cat', 'floors_cat', 'bedrooms_cat', 'sale_year', 'sale_month']
2025-07-23 18:24:18,372 - INFO - Entraînement du modèle XGBoost sur la cible transformée...
2025-07-23 18:24:18,918 - INFO - Entraînement du modèle XGBoost terminé.
2025-07-23 18:24:18,918 - INFO - 
Application de l'ingénierie des caractéristiques aux données de test...
2025-07-23 18:24:18,959 - INFO - Forme de X_test_fe après ingénierie (avant préprocesseur) : (4600, 23)
2025-07-23 18:24:18,959 - INFO - 
Prédiction sur l'ensemble de test...
2025-07-23 18:24:18,990 - INFO - Inversion de la transformation logarithmique pour obtenir les prédictions réelles...
2025-07-23 18:24:18,990 - INFO - 
Évaluation du modèle sur l'ensemble de test (avec les prix réels)...
2025-07-23 18:24:18,993 - INFO - Erreur Absolue Moyenne (MAE) : 129263.19
2025-07-23 18:24:18,993 - INFO - Erreur Quadratique Moyenne (MSE) : 176937137702.79
2025-07-23 18:24:18,994 - INFO - Racine Carrée de l'Erreur Quadratique Moyenne (RMSE) : 420638.96
2025-07-23 18:24:18,994 - INFO - R-carré (R2) : 0.44
2025-07-23 18:24:19,021 - INFO - Modèle sauvegardé avec succès dans D:\Prediction_of_house_prices\src\..\models\xgboost_model.pkl
2025-07-23 18:24:19,023 - INFO - --- Entraînement du modèle terminé ---
